<?xml version="1.0" encoding="UTF-8"?>
<testsuite xmlns:xsi="http://www.w3.org/2001/XMLSchema-instance" xsi:noNamespaceSchemaLocation="https://maven.apache.org/surefire/maven-surefire-plugin/xsd/surefire-test-report.xsd" version="3.0.2" name="com.shadowdb.EndToEndTest" time="3.05" tests="2" errors="0" skipped="0" failures="0">
  <properties>
[...]
</properties>
  <testcase name="emptyCurrentSchemaWhenNoExistingMigrations" classname="com.shadowdb.EndToEndTest" time="2.731">
    <system-err><![CDATA[May 02, 2026 5:16:52 PM org.flywaydb.core.FlywayExecutor execute
INFO: Database: jdbc:h2:mem:shadow_new_empty_1777756610198 (H2 2.2)
May 02, 2026 5:16:52 PM org.flywaydb.core.internal.schemahistory.JdbcTableSchemaHistory allAppliedMigrations
INFO: Schema history table "public"."flyway_schema_history" does not exist yet
May 02, 2026 5:16:52 PM org.flywaydb.core.internal.command.DbValidate validate
INFO: Successfully validated 2 migrations (execution time 00:00.048s)
May 02, 2026 5:16:52 PM org.flywaydb.core.internal.schemahistory.JdbcTableSchemaHistory create
INFO: Creating Schema History table "public"."flyway_schema_history" ...
May 02, 2026 5:16:52 PM org.flywaydb.core.internal.command.DbMigrate migrateGroup
INFO: Current version of schema "public": << Empty Schema >>
May 02, 2026 5:16:52 PM org.flywaydb.core.internal.command.DbMigrate doMigrateGroup
INFO: Migrating schema "public" to version "1 - create products"
May 02, 2026 5:16:52 PM org.flywaydb.core.internal.command.DbMigrate logSummary
INFO: Successfully applied 1 migration to schema "public", now at version v1 (execution time 00:00.015s)
]]></system-err>
  </testcase>
  <testcase name="detectsNewTableAddedByLatestMigration" classname="com.shadowdb.EndToEndTest" time="0.266">
    <system-err><![CDATA[May 02, 2026 5:16:52 PM org.flywaydb.core.FlywayExecutor execute
INFO: Database: jdbc:h2:mem:shadow_current_1777756612894 (H2 2.2)
May 02, 2026 5:16:52 PM org.flywaydb.core.internal.schemahistory.JdbcTableSchemaHistory allAppliedMigrations
INFO: Schema history table "public"."flyway_schema_history" does not exist yet
May 02, 2026 5:16:52 PM org.flywaydb.core.internal.command.DbValidate validate
INFO: Successfully validated 2 migrations (execution time 00:00.006s)
May 02, 2026 5:16:52 PM org.flywaydb.core.internal.schemahistory.JdbcTableSchemaHistory create
INFO: Creating Schema History table "public"."flyway_schema_history" ...
May 02, 2026 5:16:52 PM org.flywaydb.core.internal.command.DbMigrate migrateGroup
INFO: Current version of schema "public": << Empty Schema >>
May 02, 2026 5:16:52 PM org.flywaydb.core.internal.command.DbMigrate doMigrateGroup
INFO: Migrating schema "public" to version "1 - create products"
May 02, 2026 5:16:53 PM org.flywaydb.core.internal.command.DbMigrate logSummary
INFO: Successfully applied 1 migration to schema "public", now at version v1 (execution time 00:00.004s)
May 02, 2026 5:16:53 PM org.flywaydb.core.FlywayExecutor execute
INFO: Database: jdbc:h2:mem:shadow_new_1777756612894 (H2 2.2)
May 02, 2026 5:16:53 PM org.flywaydb.core.internal.schemahistory.JdbcTableSchemaHistory allAppliedMigrations
INFO: Schema history table "public"."flyway_schema_history" does not exist yet
May 02, 2026 5:16:53 PM org.flywaydb.core.internal.command.DbValidate validate
INFO: Successfully validated 2 migrations (execution time 00:00.006s)
May 02, 2026 5:16:53 PM org.flywaydb.core.internal.schemahistory.JdbcTableSchemaHistory create
INFO: Creating Schema History table "public"."flyway_schema_history" ...
May 02, 2026 5:16:53 PM org.flywaydb.core.internal.command.DbMigrate migrateGroup
INFO: Current version of schema "public": << Empty Schema >>
May 02, 2026 5:16:53 PM org.flywaydb.core.internal.command.DbMigrate doMigrateGroup
INFO: Migrating schema "public" to version "1 - create products"
May 02, 2026 5:16:53 PM org.flywaydb.core.internal.command.DbMigrate doMigrateGroup
INFO: Migrating schema "public" to version "2 - add users table"
May 02, 2026 5:16:53 PM org.flywaydb.core.internal.command.DbMigrate logSummary
INFO: Successfully applied 2 migrations to schema "public", now at version v2 (execution time 00:00.005s)
]]></system-err>
  </testcase>
</testsuite>