<?xml version="1.0" encoding="UTF-8"?>
<testsuite xmlns:xsi="http://www.w3.org/2001/XMLSchema-instance" xsi:noNamespaceSchemaLocation="https://maven.apache.org/surefire/maven-surefire-plugin/xsd/surefire-test-report.xsd" version="3.0.2" name="com.shadowdb.MigrationFileReaderTest" time="0.093" tests="7" errors="0" skipped="0" failures="0">
  <properties>
[...]
</properties>
  <testcase name="throwsWhenDirectoryDoesNotExist" classname="com.shadowdb.MigrationFileReaderTest" time="0.003"/>
  <testcase name="throwsWhenNoMigrationFilesFound(Path)" classname="com.shadowdb.MigrationFileReaderTest" time="0.061"/>
  <testcase name="parsesMultiSegmentVersions(Path)" classname="com.shadowdb.MigrationFileReaderTest" time="0.004"/>
  <testcase name="autoDetectsNewMigrationAsHighestVersion(Path)" classname="com.shadowdb.MigrationFileReaderTest" time="0.004"/>
  <testcase name="existingMigrationsExcludesNew(Path)" classname="com.shadowdb.MigrationFileReaderTest" time="0.006"/>
  <testcase name="readsAndSortsNumerically(Path)" classname="com.shadowdb.MigrationFileReaderTest" time="0.005"/>
  <testcase name="ignoresNonMigrationFiles(Path)" classname="com.shadowdb.MigrationFileReaderTest" time="0.004"/>
</testsuite>